I0706 04:17:56.029785  4521 caffe.cpp:185] Using GPUs 0
I0706 04:17:56.037133  4521 caffe.cpp:190] GPU 0: Tesla K40c
I0706 04:17:56.150450  4521 solver.cpp:48] Initializing solver from parameters: 
train_net: "train_coco_fcn8.prototxt"
base_lr: 0.0001
display: 20
max_iter: 35000
lr_policy: "step"
gamma: 0.1
momentum: 0.9
weight_decay: 0.0005
stepsize: 5000
snapshot: 500
snapshot_prefix: "./snapshots/coco_fcn8"
device_id: 0
average_loss: 20
iter_size: 5
I0706 04:17:56.150537  4521 solver.cpp:81] Creating training net from train_net file: train_coco_fcn8.prototxt
I0706 04:17:56.152040  4521 net.cpp:49] Initializing net from parameters: 
state {
  phase: TRAIN
}
layer {
  name: "cur_im"
  type: "Python"
  top: "cur_im"
  top: "masked_im"
  top: "next_im"
  top: "label"
  python_param {
    module: "coco_transformed_datalayers_prefetch"
    layer: "CocoTransformedDataLayerPrefetch"
    param_str: "{\'num_threads\': 2, \'max_queue_size\': 8, \'split\': \'training\', \'im_shape\': (384, 384), \'batch_size\': 3, \'mean\': (0.48501961, 0.45795686, 0.40760392)}"
  }
}
layer {
  name: "conv1_1n"
  type: "Convolution"
  bottom: "next_im"
  top: "conv1_1n"
  param {
    name: "conv1_1_w"
    lr_mult: 1
    decay_mult: 1
  }
  param {
    name: "conv1_1_b"
    lr_mult: 2
    decay_mult: 0
  }
  convolution_param {
    num_output: 64
    pad: 101
    kernel_size: 3
  }
}
layer {
  name: "relu1_1n"
  type: "ReLU"
  bottom: "conv1_1n"
  top: "conv1_1n"
}
layer {
  name: "conv1_2n"
  type: "Convolution"
  bottom: "conv1_1n"
  top: "conv1_2n"
  param {
    name: "conv1_2_w"
    lr_mult: 1
    decay_mult: 1
  }
  param {
    name: "conv1_2_b"
    lr_mult: 2
    decay_mult: 0
  }
  convolution_param {
    num_output: 64
    pad: 1
    kernel_size: 3
  }
}
layer {
  name: "relu1_2n"
  type: "ReLU"
  bottom: "conv1_2n"
  top: "conv1_2n"
}
layer {
  name: "pool1n"
  type: "Pooling"
  bottom: "conv1_2n"
  top: "pool1n"
  pooling_param {
    pool: MAX
    kernel_size: 2
    stride: 2
  }
}
layer {
  name: "conv2_1n"
  type: "Convolution"
  bottom: "pool1n"
  top: "conv2_1n"
  param {
    name: "conv2_1_w"
    lr_mult: 1
    decay_mult: 1
  }
  param {
    name: "conv2_1_b"
    lr_mult: 2
    decay_mult: 0
  }
  convolution_param {
    num_output: 128
    pad: 1
    kernel_size: 3
  }
}
layer {
  name: "relu2_1n"
  type: "ReLU"
  bottom: "conv2_1n"
  top: "conv2_1n"
}
layer {
  name: "conv2_2n"
  type: "Convolution"
  bottom: "conv2_1n"
  top: "conv2_2n"
  param {
    name: "conv2_2_w"
    lr_mult: 1
    decay_mult: 1
  }
  param {
    name: "conv2_2_b"
    lr_mult: 2
    decay_mult: 0
  }
  convolution_param {
    num_output: 128
    pad: 1
    kernel_size: 3
  }
}
layer {
  name: "relu2_2n"
  type: "ReLU"
  bottom: "conv2_2n"
  top: "conv2_2n"
}
layer {
  name: "pool2n"
  type: "Pooling"
  bottom: "conv2_2n"
  top: "pool2n"
  pooling_param {
    pool: MAX
    kernel_size: 2
    stride: 2
  }
}
layer {
  name: "conv3_1n"
  type: "Convolution"
  bottom: "pool2n"
  top: "conv3_1n"
  param {
    name: "conv3_1_w"
    lr_mult: 1
    decay_mult: 1
  }
  param {
    name: "conv3_1_b"
    lr_mult: 2
    decay_mult: 0
  }
  convolution_param {
    num_output: 256
    pad: 1
    kernel_size: 3
  }
}
layer {
  name: "relu3_1n"
  type: "ReLU"
  bottom: "conv3_1n"
  top: "conv3_1n"
}
layer {
  name: "conv3_2n"
  type: "Convolution"
  bottom: "conv3_1n"
  top: "conv3_2n"
  param {
    name: "conv3_2_w"
    lr_mult: 1
    decay_mult: 1
  }
  param {
    name: "conv3_2_b"
    lr_mult: 2
    decay_mult: 0
  }
  convolution_param {
    num_output: 256
    pad: 1
    kernel_size: 3
  }
}
layer {
  name: "relu3_2n"
  type: "ReLU"
  bottom: "conv3_2n"
  top: "conv3_2n"
}
layer {
  name: "conv3_3n"
  type: "Convolution"
  bottom: "conv3_2n"
  top: "conv3_3n"
  param {
    name: "conv3_3_w"
    lr_mult: 1
    decay_mult: 1
  }
  param {
    name: "conv3_3_b"
    lr_mult: 2
    decay_mult: 0
  }
  convolution_param {
    num_output: 256
    pad: 1
    kernel_size: 3
  }
}
layer {
  name: "relu3_3n"
  type: "ReLU"
  bottom: "conv3_3n"
  top: "conv3_3n"
}
layer {
  name: "pool3n"
  type: "Pooling"
  bottom: "conv3_3n"
  top: "pool3n"
  pooling_param {
    pool: MAX
    kernel_size: 2
    stride: 2
  }
}
layer {
  name: "conv4_1n"
  type: "Convolution"
  bottom: "pool3n"
  top: "conv4_1n"
  param {
    name: "conv4_1_w"
    lr_mult: 1
    decay_mult: 1
  }
  param {
    name: "conv4_1_b"
    lr_mult: 2
    decay_mult: 0
  }
  convolution_param {
    num_output: 512
    pad: 1
    kernel_size: 3
  }
}
layer {
  name: "relu4_1n"
  type: "ReLU"
  bottom: "conv4_1n"
  top: "conv4_1n"
}
layer {
  name: "conv4_2n"
  type: "Convolution"
  bottom: "conv4_1n"
  top: "conv4_2n"
  param {
    name: "conv4_2_w"
    lr_mult: 1
    decay_mult: 1
  }
  param {
    name: "conv4_2_b"
    lr_mult: 2
    decay_mult: 0
  }
  convolution_param {
    num_output: 512
    pad: 1
    kernel_size: 3
  }
}
layer {
  name: "relu4_2n"
  type: "ReLU"
  bottom: "conv4_2n"
  top: "conv4_2n"
}
layer {
  name: "conv4_3n"
  type: "Convolution"
  bottom: "conv4_2n"
  top: "conv4_3n"
  param {
    name: "conv4_3_w"
    lr_mult: 1
    decay_mult: 1
  }
  param {
    name: "conv4_3_b"
    lr_mult: 2
    decay_mult: 0
  }
  convolution_param {
    num_output: 512
    pad: 1
    kernel_size: 3
  }
}
layer {
  name: "relu4_3n"
  type: "ReLU"
  bottom: "conv4_3n"
  top: "conv4_3n"
}
layer {
  name: "pool4n"
  type: "Pooling"
  bottom: "conv4_3n"
  top: "pool4n"
  pooling_param {
    pool: MAX
    kernel_size: 2
    stride: 2
  }
}
layer {
  name: "conv5_1n"
  type: "Convolution"
  bottom: "pool4n"
  top: "conv5_1n"
  param {
    name: "conv5_1_w"
    lr_mult: 1
    decay_mult: 1
  }
  param {
    name: "conv5_1_b"
    lr_mult: 2
    decay_mult: 0
  }
  convolution_param {
    num_output: 512
    pad: 1
    kernel_size: 3
  }
}
layer {
  name: "relu5_1n"
  type: "ReLU"
  bottom: "conv5_1n"
  top: "conv5_1n"
}
layer {
  name: "conv5_2n"
  type: "Convolution"
  bottom: "conv5_1n"
  top: "conv5_2n"
  param {
    name: "conv5_2_w"
    lr_mult: 1
    decay_mult: 1
  }
  param {
    name: "conv5_2_b"
    lr_mult: 2
    decay_mult: 0
  }
  convolution_param {
    num_output: 512
    pad: 1
    kernel_size: 3
  }
}
layer {
  name: "relu5_2n"
  type: "ReLU"
  bottom: "conv5_2n"
  top: "conv5_2n"
}
layer {
  name: "conv5_3n"
  type: "Convolution"
  bottom: "conv5_2n"
  top: "conv5_3n"
  param {
    name: "conv5_3_w"
    lr_mult: 1
    decay_mult: 1
  }
  param {
    name: "conv5_3_b"
    lr_mult: 2
    decay_mult: 0
  }
  convolution_param {
    num_output: 512
    pad: 1
    kernel_size: 3
  }
}
layer {
  name: "relu5_3n"
  type: "ReLU"
  bottom: "conv5_3n"
  top: "conv5_3n"
}
layer {
  name: "pool5n"
  type: "Pooling"
  bottom: "conv5_3n"
  top: "pool5n"
  pooling_param {
    pool: MAX
    kernel_size: 2
    stride: 2
  }
}
layer {
  name: "conv1_1m"
  type: "Convolution"
  bottom: "masked_im"
  top: "conv1_1m"
  param {
    name: "conv1_1_w"
    lr_mult: 1
    decay_mult: 1
  }
  param {
    name: "conv1_1_b"
    lr_mult: 2
    decay_mult: 0
  }
  convolution_param {
    num_output: 64
    pad: 101
    kernel_size: 3
  }
}
layer {
  name: "relu1_1m"
  type: "ReLU"
  bottom: "conv1_1m"
  top: "conv1_1m"
}
layer {
  name: "conv1_2m"
  type: "Convolution"
  bottom: "conv1_1m"
  top: "conv1_2m"
  param {
    name: "conv1_2_w"
    lr_mult: 1
    decay_mult: 1
  }
  param {
    name: "conv1_2_b"
    lr_mult: 2
    decay_mult: 0
  }
  convolution_param {
    num_output: 64
    pad: 1
    kernel_size: 3
  }
}
layer {
  name: "relu1_2m"
  type: "ReLU"
  bottom: "conv1_2m"
  top: "conv1_2m"
}
layer {
  name: "pool1m"
  type: "Pooling"
  bottom: "conv1_2m"
  top: "pool1m"
  pooling_param {
    pool: MAX
    kernel_size: 2
    stride: 2
  }
}
layer {
  name: "conv2_1m"
  type: "Convolution"
  bottom: "pool1m"
  top: "conv2_1m"
  param {
    name: "conv2_1_w"
    lr_mult: 1
    decay_mult: 1
  }
  param {
    name: "conv2_1_b"
    lr_mult: 2
    decay_mult: 0
  }
  convolution_param {
    num_output: 128
    pad: 1
    kernel_size: 3
  }
}
layer {
  name: "relu2_1m"
  type: "ReLU"
  bottom: "conv2_1m"
  top: "conv2_1m"
}
layer {
  name: "conv2_2m"
  type: "Convolution"
  bottom: "conv2_1m"
  top: "conv2_2m"
  param {
    name: "conv2_2_w"
    lr_mult: 1
    decay_mult: 1
  }
  param {
    name: "conv2_2_b"
    lr_mult: 2
    decay_mult: 0
  }
  convolution_param {
    num_output: 128
    pad: 1
    kernel_size: 3
  }
}
layer {
  name: "relu2_2m"
  type: "ReLU"
  bottom: "conv2_2m"
  top: "conv2_2m"
}
layer {
  name: "pool2m"
  type: "Pooling"
  bottom: "conv2_2m"
  top: "pool2m"
  pooling_param {
    pool: MAX
    kernel_size: 2
    stride: 2
  }
}
layer {
  name: "conv3_1m"
  type: "Convolution"
  bottom: "pool2m"
  top: "conv3_1m"
  param {
    name: "conv3_1_w"
    lr_mult: 1
    decay_mult: 1
  }
  param {
    name: "conv3_1_b"
    lr_mult: 2
    decay_mult: 0
  }
  convolution_param {
    num_output: 256
    pad: 1
    kernel_size: 3
  }
}
layer {
  name: "relu3_1m"
  type: "ReLU"
  bottom: "conv3_1m"
  top: "conv3_1m"
}
layer {
  name: "conv3_2m"
  type: "Convolution"
  bottom: "conv3_1m"
  top: "conv3_2m"
  param {
    name: "conv3_2_w"
    lr_mult: 1
    decay_mult: 1
  }
  param {
    name: "conv3_2_b"
    lr_mult: 2
    decay_mult: 0
  }
  convolution_param {
    num_output: 256
    pad: 1
    kernel_size: 3
  }
}
layer {
  name: "relu3_2m"
  type: "ReLU"
  bottom: "conv3_2m"
  top: "conv3_2m"
}
layer {
  name: "conv3_3m"
  type: "Convolution"
  bottom: "conv3_2m"
  top: "conv3_3m"
  param {
    name: "conv3_3_w"
    lr_mult: 1
    decay_mult: 1
  }
  param {
    name: "conv3_3_b"
    lr_mult: 2
    decay_mult: 0
  }
  convolution_param {
    num_output: 256
    pad: 1
    kernel_size: 3
  }
}
layer {
  name: "relu3_3m"
  type: "ReLU"
  bottom: "conv3_3m"
  top: "conv3_3m"
}
layer {
  name: "pool3m"
  type: "Pooling"
  bottom: "conv3_3m"
  top: "pool3m"
  pooling_param {
    pool: MAX
    kernel_size: 2
    stride: 2
  }
}
layer {
  name: "conv4_1m"
  type: "Convolution"
  bottom: "pool3m"
  top: "conv4_1m"
  param {
    name: "conv4_1_w"
    lr_mult: 1
    decay_mult: 1
  }
  param {
    name: "conv4_1_b"
    lr_mult: 2
    decay_mult: 0
  }
  convolution_param {
    num_output: 512
    pad: 1
    kernel_size: 3
  }
}
layer {
  name: "relu4_1m"
  type: "ReLU"
  bottom: "conv4_1m"
  top: "conv4_1m"
}
layer {
  name: "conv4_2m"
  type: "Convolution"
  bottom: "conv4_1m"
  top: "conv4_2m"
  param {
    name: "conv4_2_w"
    lr_mult: 1
    decay_mult: 1
  }
  param {
    name: "conv4_2_b"
    lr_mult: 2
    decay_mult: 0
  }
  convolution_param {
    num_output: 512
    pad: 1
    kernel_size: 3
  }
}
layer {
  name: "relu4_2m"
  type: "ReLU"
  bottom: "conv4_2m"
  top: "conv4_2m"
}
layer {
  name: "conv4_3m"
  type: "Convolution"
  bottom: "conv4_2m"
  top: "conv4_3m"
  param {
    name: "conv4_3_w"
    lr_mult: 1
    decay_mult: 1
  }
  param {
    name: "conv4_3_b"
    lr_mult: 2
    decay_mult: 0
  }
  convolution_param {
    num_output: 512
    pad: 1
    kernel_size: 3
  }
}
layer {
  name: "relu4_3m"
  type: "ReLU"
  bottom: "conv4_3m"
  top: "conv4_3m"
}
layer {
  name: "pool4m"
  type: "Pooling"
  bottom: "conv4_3m"
  top: "pool4m"
  pooling_param {
    pool: MAX
    kernel_size: 2
    stride: 2
  }
}
layer {
  name: "conv5_1m"
  type: "Convolution"
  bottom: "pool4m"
  top: "conv5_1m"
  param {
    name: "conv5_1_w"
    lr_mult: 1
    decay_mult: 1
  }
  param {
    name: "conv5_1_b"
    lr_mult: 2
    decay_mult: 0
  }
  convolution_param {
    num_output: 512
    pad: 1
    kernel_size: 3
  }
}
layer {
  name: "relu5_1m"
  type: "ReLU"
  bottom: "conv5_1m"
  top: "conv5_1m"
}
layer {
  name: "conv5_2m"
  type: "Convolution"
  bottom: "conv5_1m"
  top: "conv5_2m"
  param {
    name: "conv5_2_w"
    lr_mult: 1
    decay_mult: 1
  }
  param {
    name: "conv5_2_b"
    lr_mult: 2
    decay_mult: 0
  }
  convolution_param {
    num_output: 512
    pad: 1
    kernel_size: 3
  }
}
layer {
  name: "relu5_2m"
  type: "ReLU"
  bottom: "conv5_2m"
  top: "conv5_2m"
}
layer {
  name: "conv5_3m"
  type: "Convolution"
  bottom: "conv5_2m"
  top: "conv5_3m"
  param {
    name: "conv5_3_w"
    lr_mult: 1
    decay_mult: 1
  }
  param {
    name: "conv5_3_b"
    lr_mult: 2
    decay_mult: 0
  }
  convolution_param {
    num_output: 512
    kernel_size: 3
    pad_h: 7
    pad_w: 7
  }
}
layer {
  name: "relu5_3m"
  type: "ReLU"
  bottom: "conv5_3m"
  top: "conv5_3m"
}
layer {
  name: "pool5m"
  type: "Pooling"
  bottom: "conv5_3m"
  top: "pool5m"
  pooling_param {
    pool: MAX
    kernel_size: 2
    stride: 2
  }
}
layer {
  name: "silence_cur"
  type: "Silence"
  bottom: "cur_im"
}
layer {
  name: "concat1"
  type: "Concat"
  bottom: "pool5m"
  bottom: "pool5n"
  top: "concat1"
}
layer {
  name: "fc6"
  type: "Convolution"
  bottom: "concat1"
  top: "fc6"
  param {
    lr_mult: 1
    decay_mult: 1
  }
  param {
    lr_mult: 2
    decay_mult: 0
  }
  convolution_param {
    num_output: 4096
    kernel_size: 7
  }
}
layer {
  name: "relu6"
  type: "ReLU"
  bottom: "fc6"
  top: "fc6"
}
layer {
  name: "drop6"
  type: "Dropout"
  bottom: "fc6"
  top: "fc6"
  dropout_param {
    dropout_ratio: 0.5
  }
}
layer {
  name: "fc7"
  type: "Convolution"
  bottom: "fc6"
  top: "fc7"
  param {
    lr_mult: 1
    decay_mult: 1
  }
  param {
    lr_mult: 2
    decay_mult: 0
  }
  convolution_param {
    num_output: 4096
    kernel_size: 1
  }
}
layer {
  name: "relu7"
  type: "ReLU"
  bottom: "fc7"
  top: "fc7"
}
layer {
  name: "drop7"
  type: "Dropout"
  bottom: "fc7"
  top: "fc7"
  dropout_param {
    dropout_ratio: 0.5
  }
}
layer {
  name: "score_fc"
  type: "Convolution"
  bottom: "fc7"
  top: "score_fc"
  param {
    lr_mult: 1
    decay_mult: 1
  }
  param {
    lr_mult: 2
    decay_mult: 0
  }
  convolution_param {
    num_output: 21
    kernel_size: 1
  }
}
layer {
  name: "upscore2"
  type: "Deconvolution"
  bottom: "score_fc"
  top: "upscore2"
  param {
    lr_mult: 0
  }
  convolution_param {
    num_output: 21
    kernel_size: 4
    stride: 2
  }
}
layer {
  name: "score_pool4"
  type: "Convolution"
  bottom: "pool4n"
  top: "score_pool4"
  param {
    lr_mult: 1
    decay_mult: 1
  }
  param {
    lr_mult: 2
    decay_mult: 0
  }
  convolution_param {
    num_output: 21
    kernel_size: 1
  }
}
layer {
  name: "score_pool4c"
  type: "Crop"
  bottom: "score_pool4"
  bottom: "upscore2"
  top: "score_pool4c"
  crop_param {
    axis: 2
    offset: 5
  }
}
layer {
  name: "fuse_pool4"
  type: "Eltwise"
  bottom: "upscore2"
  bottom: "score_pool4c"
  top: "fuse_pool4"
  eltwise_param {
    operation: SUM
  }
}
layer {
  name: "upscore_pool4"
  type: "Deconvolution"
  bottom: "fuse_pool4"
  top: "upscore_pool4"
  param {
    lr_mult: 0
  }
  convolution_param {
    num_output: 21
    bias_term: false
    kernel_size: 4
    stride: 2
  }
}
layer {
  name: "score_pool3"
  type: "Convolution"
  bottom: "pool3n"
  top: "score_pool3"
  param {
    lr_mult: 1
    decay_mult: 1
  }
  param {
    lr_mult: 2
    decay_mult: 0
  }
  convolution_param {
    num_output: 21
    kernel_size: 1
  }
}
layer {
  name: "Crop1"
  type: "Crop"
  bottom: "score_pool3"
  bottom: "upscore_pool4"
  top: "Crop1"
  crop_param {
    axis: 2
    offset: 9
  }
}
layer {
  name: "fuse_pool3"
  type: "Eltwise"
  bottom: "upscore_pool4"
  bottom: "Crop1"
  top: "fuse_pool3"
  eltwise_param {
    operation: SUM
  }
}
layer {
  name: "upscore8"
  type: "Deconvolution"
  bottom: "fuse_pool3"
  top: "upscore8"
  param {
    lr_mult: 0
  }
  convolution_param {
    num_output: 21
    bias_term: false
    kernel_size: 16
    stride: 8
  }
}
layer {
  name: "score_pool3c"
  type: "Crop"
  bottom: "upscore8"
  bottom: "next_im"
  top: "score_pool3c"
  crop_param {
    axis: 2
    offset: 32
  }
}
layer {
  name: "score"
  type: "Convolution"
  bottom: "score_pool3c"
  top: "score"
  param {
    lr_mult: 10
    decay_mult: 1
  }
  param {
    lr_mult: 20
    decay_mult: 0
  }
  convolution_param {
    num_output: 2
    kernel_size: 1
  }
}
layer {
  name: "loss"
  type: "SoftmaxWithLoss"
  bottom: "score"
  bottom: "label"
  top: "loss"
  loss_param {
    ignore_label: 255
  }
}
I0706 04:17:56.152290  4521 layer_factory.hpp:77] Creating layer cur_im
/home/amir/davis/python/lib/davis/measures/t_stability.py:6: RuntimeWarning: to-Python converter for std::vector<bool, std::allocator<bool> > already registered; second conversion method ignored.
  from tstab import *
I0706 04:17:56.703470  4521 net.cpp:91] Creating Layer cur_im
I0706 04:17:56.703503  4521 net.cpp:399] cur_im -> cur_im
I0706 04:17:56.703521  4521 net.cpp:399] cur_im -> masked_im
I0706 04:17:56.703541  4521 net.cpp:399] cur_im -> next_im
I0706 04:17:56.703546  4521 net.cpp:399] cur_im -> label
loading annotations into memory...
Done (t=10.42s)
creating index...
index created!
I0706 04:18:10.162822  4521 net.cpp:141] Setting up cur_im
I0706 04:18:10.162861  4521 net.cpp:148] Top shape: 3 3 192 192 (331776)
I0706 04:18:10.162866  4521 net.cpp:148] Top shape: 3 3 192 192 (331776)
I0706 04:18:10.162871  4521 net.cpp:148] Top shape: 3 3 384 384 (1327104)
I0706 04:18:10.162873  4521 net.cpp:148] Top shape: 3 1 384 384 (442368)
I0706 04:18:10.162875  4521 net.cpp:156] Memory required for data: 9732096
I0706 04:18:10.162889  4521 layer_factory.hpp:77] Creating layer next_im_cur_im_2_split
I0706 04:18:10.162914  4521 net.cpp:91] Creating Layer next_im_cur_im_2_split
I0706 04:18:10.162919  4521 net.cpp:425] next_im_cur_im_2_split <- next_im
I0706 04:18:10.162947  4521 net.cpp:399] next_im_cur_im_2_split -> next_im_cur_im_2_split_0
I0706 04:18:10.162963  4521 net.cpp:399] next_im_cur_im_2_split -> next_im_cur_im_2_split_1
I0706 04:18:10.163017  4521 net.cpp:141] Setting up next_im_cur_im_2_split
I0706 04:18:10.163023  4521 net.cpp:148] Top shape: 3 3 384 384 (1327104)
I0706 04:18:10.163027  4521 net.cpp:148] Top shape: 3 3 384 384 (1327104)
I0706 04:18:10.163028  4521 net.cpp:156] Memory required for data: 20348928
I0706 04:18:10.163033  4521 layer_factory.hpp:77] Creating layer conv1_1n
I0706 04:18:10.163063  4521 net.cpp:91] Creating Layer conv1_1n
I0706 04:18:10.163066  4521 net.cpp:425] conv1_1n <- next_im_cur_im_2_split_0
I0706 04:18:10.163089  4521 net.cpp:399] conv1_1n -> conv1_1n
I0706 04:18:10.354023  4521 net.cpp:141] Setting up conv1_1n
I0706 04:18:10.354044  4521 net.cpp:148] Top shape: 3 64 584 584 (65482752)
I0706 04:18:10.354046  4521 net.cpp:156] Memory required for data: 282279936
I0706 04:18:10.354080  4521 layer_factory.hpp:77] Creating layer relu1_1n
I0706 04:18:10.354101  4521 net.cpp:91] Creating Layer relu1_1n
I0706 04:18:10.354107  4521 net.cpp:425] relu1_1n <- conv1_1n
I0706 04:18:10.354128  4521 net.cpp:386] relu1_1n -> conv1_1n (in-place)
I0706 04:18:10.354266  4521 net.cpp:141] Setting up relu1_1n
I0706 04:18:10.354274  4521 net.cpp:148] Top shape: 3 64 584 584 (65482752)
I0706 04:18:10.354276  4521 net.cpp:156] Memory required for data: 544210944
I0706 04:18:10.354279  4521 layer_factory.hpp:77] Creating layer conv1_2n
I0706 04:18:10.354315  4521 net.cpp:91] Creating Layer conv1_2n
I0706 04:18:10.354320  4521 net.cpp:425] conv1_2n <- conv1_1n
I0706 04:18:10.354349  4521 net.cpp:399] conv1_2n -> conv1_2n
I0706 04:18:10.356004  4521 net.cpp:141] Setting up conv1_2n
I0706 04:18:10.356020  4521 net.cpp:148] Top shape: 3 64 584 584 (65482752)
I0706 04:18:10.356024  4521 net.cpp:156] Memory required for data: 806141952
I0706 04:18:10.356034  4521 layer_factory.hpp:77] Creating layer relu1_2n
I0706 04:18:10.356055  4521 net.cpp:91] Creating Layer relu1_2n
I0706 04:18:10.356061  4521 net.cpp:425] relu1_2n <- conv1_2n
I0706 04:18:10.356077  4521 net.cpp:386] relu1_2n -> conv1_2n (in-place)
I0706 04:18:10.356284  4521 net.cpp:141] Setting up relu1_2n
I0706 04:18:10.356298  4521 net.cpp:148] Top shape: 3 64 584 584 (65482752)
I0706 04:18:10.356300  4521 net.cpp:156] Memory required for data: 1068072960
I0706 04:18:10.356304  4521 layer_factory.hpp:77] Creating layer pool1n
I0706 04:18:10.356319  4521 net.cpp:91] Creating Layer pool1n
I0706 04:18:10.356323  4521 net.cpp:425] pool1n <- conv1_2n
I0706 04:18:10.356339  4521 net.cpp:399] pool1n -> pool1n
I0706 04:18:10.356394  4521 net.cpp:141] Setting up pool1n
I0706 04:18:10.356398  4521 net.cpp:148] Top shape: 3 64 292 292 (16370688)
I0706 04:18:10.356400  4521 net.cpp:156] Memory required for data: 1133555712
I0706 04:18:10.356402  4521 layer_factory.hpp:77] Creating layer conv2_1n
I0706 04:18:10.356436  4521 net.cpp:91] Creating Layer conv2_1n
I0706 04:18:10.356438  4521 net.cpp:425] conv2_1n <- pool1n
I0706 04:18:10.356458  4521 net.cpp:399] conv2_1n -> conv2_1n
I0706 04:18:10.357612  4521 net.cpp:141] Setting up conv2_1n
I0706 04:18:10.357621  4521 net.cpp:148] Top shape: 3 128 292 292 (32741376)
I0706 04:18:10.357633  4521 net.cpp:156] Memory required for data: 1264521216
I0706 04:18:10.357641  4521 layer_factory.hpp:77] Creating layer relu2_1n
I0706 04:18:10.357658  4521 net.cpp:91] Creating Layer relu2_1n
I0706 04:18:10.357662  4521 net.cpp:425] relu2_1n <- conv2_1n
I0706 04:18:10.357676  4521 net.cpp:386] relu2_1n -> conv2_1n (in-place)
I0706 04:18:10.357805  4521 net.cpp:141] Setting up relu2_1n
I0706 04:18:10.357811  4521 net.cpp:148] Top shape: 3 128 292 292 (32741376)
I0706 04:18:10.357813  4521 net.cpp:156] Memory required for data: 1395486720
I0706 04:18:10.357816  4521 layer_factory.hpp:77] Creating layer conv2_2n
I0706 04:18:10.357851  4521 net.cpp:91] Creating Layer conv2_2n
I0706 04:18:10.357854  4521 net.cpp:425] conv2_2n <- conv2_1n
I0706 04:18:10.357877  4521 net.cpp:399] conv2_2n -> conv2_2n
I0706 04:18:10.359061  4521 net.cpp:141] Setting up conv2_2n
I0706 04:18:10.359073  4521 net.cpp:148] Top shape: 3 128 292 292 (32741376)
I0706 04:18:10.359076  4521 net.cpp:156] Memory required for data: 1526452224
I0706 04:18:10.359088  4521 layer_factory.hpp:77] Creating layer relu2_2n
I0706 04:18:10.359115  4521 net.cpp:91] Creating Layer relu2_2n
I0706 04:18:10.359117  4521 net.cpp:425] relu2_2n <- conv2_2n
I0706 04:18:10.359141  4521 net.cpp:386] relu2_2n -> conv2_2n (in-place)
I0706 04:18:10.359264  4521 net.cpp:141] Setting up relu2_2n
I0706 04:18:10.359271  4521 net.cpp:148] Top shape: 3 128 292 292 (32741376)
I0706 04:18:10.359273  4521 net.cpp:156] Memory required for data: 1657417728
I0706 04:18:10.359275  4521 layer_factory.hpp:77] Creating layer pool2n
I0706 04:18:10.359289  4521 net.cpp:91] Creating Layer pool2n
I0706 04:18:10.359292  4521 net.cpp:425] pool2n <- conv2_2n
I0706 04:18:10.359305  4521 net.cpp:399] pool2n -> pool2n
I0706 04:18:10.359344  4521 net.cpp:141] Setting up pool2n
I0706 04:18:10.359349  4521 net.cpp:148] Top shape: 3 128 146 146 (8185344)
I0706 04:18:10.359350  4521 net.cpp:156] Memory required for data: 1690159104
I0706 04:18:10.359352  4521 layer_factory.hpp:77] Creating layer conv3_1n
I0706 04:18:10.359385  4521 net.cpp:91] Creating Layer conv3_1n
I0706 04:18:10.359390  4521 net.cpp:425] conv3_1n <- pool2n
I0706 04:18:10.359408  4521 net.cpp:399] conv3_1n -> conv3_1n
I0706 04:18:10.360574  4521 net.cpp:141] Setting up conv3_1n
I0706 04:18:10.360584  4521 net.cpp:148] Top shape: 3 256 146 146 (16370688)
I0706 04:18:10.360586  4521 net.cpp:156] Memory required for data: 1755641856
I0706 04:18:10.360599  4521 layer_factory.hpp:77] Creating layer relu3_1n
I0706 04:18:10.360615  4521 net.cpp:91] Creating Layer relu3_1n
I0706 04:18:10.360617  4521 net.cpp:425] relu3_1n <- conv3_1n
I0706 04:18:10.360646  4521 net.cpp:386] relu3_1n -> conv3_1n (in-place)
I0706 04:18:10.360884  4521 net.cpp:141] Setting up relu3_1n
I0706 04:18:10.360900  4521 net.cpp:148] Top shape: 3 256 146 146 (16370688)
I0706 04:18:10.360903  4521 net.cpp:156] Memory required for data: 1821124608
I0706 04:18:10.360906  4521 layer_factory.hpp:77] Creating layer conv3_2n
I0706 04:18:10.360929  4521 net.cpp:91] Creating Layer conv3_2n
I0706 04:18:10.360931  4521 net.cpp:425] conv3_2n <- conv3_1n
I0706 04:18:10.360967  4521 net.cpp:399] conv3_2n -> conv3_2n
I0706 04:18:10.362464  4521 net.cpp:141] Setting up conv3_2n
I0706 04:18:10.362476  4521 net.cpp:148] Top shape: 3 256 146 146 (16370688)
I0706 04:18:10.362478  4521 net.cpp:156] Memory required for data: 1886607360
I0706 04:18:10.362488  4521 layer_factory.hpp:77] Creating layer relu3_2n
I0706 04:18:10.362503  4521 net.cpp:91] Creating Layer relu3_2n
I0706 04:18:10.362506  4521 net.cpp:425] relu3_2n <- conv3_2n
I0706 04:18:10.362521  4521 net.cpp:386] relu3_2n -> conv3_2n (in-place)
I0706 04:18:10.362649  4521 net.cpp:141] Setting up relu3_2n
I0706 04:18:10.362655  4521 net.cpp:148] Top shape: 3 256 146 146 (16370688)
I0706 04:18:10.362658  4521 net.cpp:156] Memory required for data: 1952090112
I0706 04:18:10.362659  4521 layer_factory.hpp:77] Creating layer conv3_3n
I0706 04:18:10.362699  4521 net.cpp:91] Creating Layer conv3_3n
I0706 04:18:10.362704  4521 net.cpp:425] conv3_3n <- conv3_2n
I0706 04:18:10.362740  4521 net.cpp:399] conv3_3n -> conv3_3n
I0706 04:18:10.364243  4521 net.cpp:141] Setting up conv3_3n
I0706 04:18:10.364253  4521 net.cpp:148] Top shape: 3 256 146 146 (16370688)
I0706 04:18:10.364255  4521 net.cpp:156] Memory required for data: 2017572864
I0706 04:18:10.364264  4521 layer_factory.hpp:77] Creating layer relu3_3n
I0706 04:18:10.364276  4521 net.cpp:91] Creating Layer relu3_3n
I0706 04:18:10.364281  4521 net.cpp:425] relu3_3n <- conv3_3n
I0706 04:18:10.364297  4521 net.cpp:386] relu3_3n -> conv3_3n (in-place)
I0706 04:18:10.364429  4521 net.cpp:141] Setting up relu3_3n
I0706 04:18:10.364436  4521 net.cpp:148] Top shape: 3 256 146 146 (16370688)
I0706 04:18:10.364439  4521 net.cpp:156] Memory required for data: 2083055616
I0706 04:18:10.364442  4521 layer_factory.hpp:77] Creating layer pool3n
I0706 04:18:10.364454  4521 net.cpp:91] Creating Layer pool3n
I0706 04:18:10.364457  4521 net.cpp:425] pool3n <- conv3_3n
I0706 04:18:10.364477  4521 net.cpp:399] pool3n -> pool3n
I0706 04:18:10.364519  4521 net.cpp:141] Setting up pool3n
I0706 04:18:10.364524  4521 net.cpp:148] Top shape: 3 256 73 73 (4092672)
I0706 04:18:10.364526  4521 net.cpp:156] Memory required for data: 2099426304
I0706 04:18:10.364527  4521 layer_factory.hpp:77] Creating layer pool3n_pool3n_0_split
I0706 04:18:10.364542  4521 net.cpp:91] Creating Layer pool3n_pool3n_0_split
I0706 04:18:10.364545  4521 net.cpp:425] pool3n_pool3n_0_split <- pool3n
I0706 04:18:10.364567  4521 net.cpp:399] pool3n_pool3n_0_split -> pool3n_pool3n_0_split_0
I0706 04:18:10.364581  4521 net.cpp:399] pool3n_pool3n_0_split -> pool3n_pool3n_0_split_1
I0706 04:18:10.364617  4521 net.cpp:141] Setting up pool3n_pool3n_0_split
I0706 04:18:10.364622  4521 net.cpp:148] Top shape: 3 256 73 73 (4092672)
I0706 04:18:10.364624  4521 net.cpp:148] Top shape: 3 256 73 73 (4092672)
I0706 04:18:10.364626  4521 net.cpp:156] Memory required for data: 2132167680
I0706 04:18:10.364629  4521 layer_factory.hpp:77] Creating layer conv4_1n
I0706 04:18:10.364652  4521 net.cpp:91] Creating Layer conv4_1n
I0706 04:18:10.364655  4521 net.cpp:425] conv4_1n <- pool3n_pool3n_0_split_0
I0706 04:18:10.364686  4521 net.cpp:399] conv4_1n -> conv4_1n
I0706 04:18:10.369469  4521 net.cpp:141] Setting up conv4_1n
I0706 04:18:10.369489  4521 net.cpp:148] Top shape: 3 512 73 73 (8185344)
I0706 04:18:10.369493  4521 net.cpp:156] Memory required for data: 2164909056
I0706 04:18:10.369508  4521 layer_factory.hpp:77] Creating layer relu4_1n
I0706 04:18:10.369525  4521 net.cpp:91] Creating Layer relu4_1n
I0706 04:18:10.369532  4521 net.cpp:425] relu4_1n <- conv4_1n
I0706 04:18:10.369557  4521 net.cpp:386] relu4_1n -> conv4_1n (in-place)
I0706 04:18:10.369798  4521 net.cpp:141] Setting up relu4_1n
I0706 04:18:10.369807  4521 net.cpp:148] Top shape: 3 512 73 73 (8185344)
I0706 04:18:10.369810  4521 net.cpp:156] Memory required for data: 2197650432
I0706 04:18:10.369812  4521 layer_factory.hpp:77] Creating layer conv4_2n
I0706 04:18:10.369834  4521 net.cpp:91] Creating Layer conv4_2n
I0706 04:18:10.369838  4521 net.cpp:425] conv4_2n <- conv4_1n
I0706 04:18:10.369861  4521 net.cpp:399] conv4_2n -> conv4_2n
I0706 04:18:10.374677  4521 net.cpp:141] Setting up conv4_2n
I0706 04:18:10.374697  4521 net.cpp:148] Top shape: 3 512 73 73 (8185344)
I0706 04:18:10.374699  4521 net.cpp:156] Memory required for data: 2230391808
I0706 04:18:10.374712  4521 layer_factory.hpp:77] Creating layer relu4_2n
I0706 04:18:10.374721  4521 net.cpp:91] Creating Layer relu4_2n
I0706 04:18:10.374723  4521 net.cpp:425] relu4_2n <- conv4_2n
I0706 04:18:10.374728  4521 net.cpp:386] relu4_2n -> conv4_2n (in-place)
I0706 04:18:10.374842  4521 net.cpp:141] Setting up relu4_2n
I0706 04:18:10.374848  4521 net.cpp:148] Top shape: 3 512 73 73 (8185344)
I0706 04:18:10.374850  4521 net.cpp:156] Memory required for data: 2263133184
I0706 04:18:10.374853  4521 layer_factory.hpp:77] Creating layer conv4_3n
I0706 04:18:10.374861  4521 net.cpp:91] Creating Layer conv4_3n
I0706 04:18:10.374863  4521 net.cpp:425] conv4_3n <- conv4_2n
I0706 04:18:10.374877  4521 net.cpp:399] conv4_3n -> conv4_3n
I0706 04:18:10.379191  4521 net.cpp:141] Setting up conv4_3n
I0706 04:18:10.379214  4521 net.cpp:148] Top shape: 3 512 73 73 (8185344)
I0706 04:18:10.379215  4521 net.cpp:156] Memory required for data: 2295874560
I0706 04:18:10.379225  4521 layer_factory.hpp:77] Creating layer relu4_3n
I0706 04:18:10.379235  4521 net.cpp:91] Creating Layer relu4_3n
I0706 04:18:10.379237  4521 net.cpp:425] relu4_3n <- conv4_3n
I0706 04:18:10.379242  4521 net.cpp:386] relu4_3n -> conv4_3n (in-place)
I0706 04:18:10.379354  4521 net.cpp:141] Setting up relu4_3n
I0706 04:18:10.379359  4521 net.cpp:148] Top shape: 3 512 73 73 (8185344)
I0706 04:18:10.379361  4521 net.cpp:156] Memory required for data: 2328615936
I0706 04:18:10.379364  4521 layer_factory.hpp:77] Creating layer pool4n
I0706 04:18:10.379377  4521 net.cpp:91] Creating Layer pool4n
I0706 04:18:10.379382  4521 net.cpp:425] pool4n <- conv4_3n
I0706 04:18:10.379392  4521 net.cpp:399] pool4n -> pool4n
I0706 04:18:10.379433  4521 net.cpp:141] Setting up pool4n
I0706 04:18:10.379438  4521 net.cpp:148] Top shape: 3 512 37 37 (2102784)
I0706 04:18:10.379441  4521 net.cpp:156] Memory required for data: 2337027072
I0706 04:18:10.379442  4521 layer_factory.hpp:77] Creating layer pool4n_pool4n_0_split
I0706 04:18:10.379453  4521 net.cpp:91] Creating Layer pool4n_pool4n_0_split
I0706 04:18:10.379458  4521 net.cpp:425] pool4n_pool4n_0_split <- pool4n
I0706 04:18:10.379472  4521 net.cpp:399] pool4n_pool4n_0_split -> pool4n_pool4n_0_split_0
I0706 04:18:10.379482  4521 net.cpp:399] pool4n_pool4n_0_split -> pool4n_pool4n_0_split_1
I0706 04:18:10.379509  4521 net.cpp:141] Setting up pool4n_pool4n_0_split
I0706 04:18:10.379513  4521 net.cpp:148] Top shape: 3 512 37 37 (2102784)
I0706 04:18:10.379518  4521 net.cpp:148] Top shape: 3 512 37 37 (2102784)
I0706 04:18:10.379519  4521 net.cpp:156] Memory required for data: 2353849344
I0706 04:18:10.379521  4521 layer_factory.hpp:77] Creating layer conv5_1n
I0706 04:18:10.379544  4521 net.cpp:91] Creating Layer conv5_1n
I0706 04:18:10.379549  4521 net.cpp:425] conv5_1n <- pool4n_pool4n_0_split_0
I0706 04:18:10.379580  4521 net.cpp:399] conv5_1n -> conv5_1n
I0706 04:18:10.383420  4521 net.cpp:141] Setting up conv5_1n
I0706 04:18:10.383445  4521 net.cpp:148] Top shape: 3 512 37 37 (2102784)
I0706 04:18:10.383448  4521 net.cpp:156] Memory required for data: 2362260480
I0706 04:18:10.383465  4521 layer_factory.hpp:77] Creating layer relu5_1n
I0706 04:18:10.383484  4521 net.cpp:91] Creating Layer relu5_1n
I0706 04:18:10.383488  4521 net.cpp:425] relu5_1n <- conv5_1n
I0706 04:18:10.383508  4521 net.cpp:386] relu5_1n -> conv5_1n (in-place)
I0706 04:18:10.383733  4521 net.cpp:141] Setting up relu5_1n
I0706 04:18:10.383739  4521 net.cpp:148] Top shape: 3 512 37 37 (2102784)
I0706 04:18:10.383741  4521 net.cpp:156] Memory required for data: 2370671616
I0706 04:18:10.383744  4521 layer_factory.hpp:77] Creating layer conv5_2n
I0706 04:18:10.383765  4521 net.cpp:91] Creating Layer conv5_2n
I0706 04:18:10.383771  4521 net.cpp:425] conv5_2n <- conv5_1n
I0706 04:18:10.383793  4521 net.cpp:399] conv5_2n -> conv5_2n
I0706 04:18:10.387459  4521 net.cpp:141] Setting up conv5_2n
I0706 04:18:10.387486  4521 net.cpp:148] Top shape: 3 512 37 37 (2102784)
I0706 04:18:10.387490  4521 net.cpp:156] Memory required for data: 2379082752
I0706 04:18:10.387500  4521 layer_factory.hpp:77] Creating layer relu5_2n
I0706 04:18:10.387514  4521 net.cpp:91] Creating Layer relu5_2n
I0706 04:18:10.387518  4521 net.cpp:425] relu5_2n <- conv5_2n
I0706 04:18:10.387534  4521 net.cpp:386] relu5_2n -> conv5_2n (in-place)
I0706 04:18:10.387667  4521 net.cpp:141] Setting up relu5_2n
I0706 04:18:10.387673  4521 net.cpp:148] Top shape: 3 512 37 37 (2102784)
I0706 04:18:10.387676  4521 net.cpp:156] Memory required for data: 2387493888
I0706 04:18:10.387678  4521 layer_factory.hpp:77] Creating layer conv5_3n
I0706 04:18:10.387711  4521 net.cpp:91] Creating Layer conv5_3n
I0706 04:18:10.387714  4521 net.cpp:425] conv5_3n <- conv5_2n
I0706 04:18:10.387751  4521 net.cpp:399] conv5_3n -> conv5_3n
I0706 04:18:10.391346  4521 net.cpp:141] Setting up conv5_3n
I0706 04:18:10.391365  4521 net.cpp:148] Top shape: 3 512 37 37 (2102784)
I0706 04:18:10.391367  4521 net.cpp:156] Memory required for data: 2395905024
I0706 04:18:10.391378  4521 layer_factory.hpp:77] Creating layer relu5_3n
I0706 04:18:10.391393  4521 net.cpp:91] Creating Layer relu5_3n
I0706 04:18:10.391397  4521 net.cpp:425] relu5_3n <- conv5_3n
I0706 04:18:10.391412  4521 net.cpp:386] relu5_3n -> conv5_3n (in-place)
I0706 04:18:10.391638  4521 net.cpp:141] Setting up relu5_3n
I0706 04:18:10.391644  4521 net.cpp:148] Top shape: 3 512 37 37 (2102784)
I0706 04:18:10.391646  4521 net.cpp:156] Memory required for data: 2404316160
I0706 04:18:10.391649  4521 layer_factory.hpp:77] Creating layer pool5n
I0706 04:18:10.391661  4521 net.cpp:91] Creating Layer pool5n
I0706 04:18:10.391664  4521 net.cpp:425] pool5n <- conv5_3n
I0706 04:18:10.391679  4521 net.cpp:399] pool5n -> pool5n
I0706 04:18:10.391731  4521 net.cpp:141] Setting up pool5n
I0706 04:18:10.391734  4521 net.cpp:148] Top shape: 3 512 19 19 (554496)
I0706 04:18:10.391736  4521 net.cpp:156] Memory required for data: 2406534144
I0706 04:18:10.391738  4521 layer_factory.hpp:77] Creating layer conv1_1m
I0706 04:18:10.391757  4521 net.cpp:91] Creating Layer conv1_1m
I0706 04:18:10.391760  4521 net.cpp:425] conv1_1m <- masked_im
I0706 04:18:10.391779  4521 net.cpp:399] conv1_1m -> conv1_1m
I0706 04:18:10.392889  4521 net.cpp:141] Setting up conv1_1m
I0706 04:18:10.392899  4521 net.cpp:148] Top shape: 3 64 392 392 (29503488)
I0706 04:18:10.392900  4521 net.cpp:156] Memory required for data: 2524548096
I0706 04:18:10.392905  4521 net.cpp:484] Sharing parameters 'conv1_1_w' owned by layer 'conv1_1n', param index 0
I0706 04:18:10.392911  4521 net.cpp:484] Sharing parameters 'conv1_1_b' owned by layer 'conv1_1n', param index 1
I0706 04:18:10.392913  4521 layer_factory.hpp:77] Creating layer relu1_1m
I0706 04:18:10.392928  4521 net.cpp:91] Creating Layer relu1_1m
I0706 04:18:10.392931  4521 net.cpp:425] relu1_1m <- conv1_1m
I0706 04:18:10.392953  4521 net.cpp:386] relu1_1m -> conv1_1m (in-place)
I0706 04:18:10.393175  4521 net.cpp:141] Setting up relu1_1m
I0706 04:18:10.393183  4521 net.cpp:148] Top shape: 3 64 392 392 (29503488)
I0706 04:18:10.393187  4521 net.cpp:156] Memory required for data: 2642562048
I0706 04:18:10.393189  4521 layer_factory.hpp:77] Creating layer conv1_2m
I0706 04:18:10.393218  4521 net.cpp:91] Creating Layer conv1_2m
I0706 04:18:10.393221  4521 net.cpp:425] conv1_2m <- conv1_1m
I0706 04:18:10.393240  4521 net.cpp:399] conv1_2m -> conv1_2m
I0706 04:18:10.394403  4521 net.cpp:141] Setting up conv1_2m
I0706 04:18:10.394412  4521 net.cpp:148] Top shape: 3 64 392 392 (29503488)
I0706 04:18:10.394414  4521 net.cpp:156] Memory required for data: 2760576000
I0706 04:18:10.394419  4521 net.cpp:484] Sharing parameters 'conv1_2_w' owned by layer 'conv1_2n', param index 0
I0706 04:18:10.394425  4521 net.cpp:484] Sharing parameters 'conv1_2_b' owned by layer 'conv1_2n', param index 1
I0706 04:18:10.394428  4521 layer_factory.hpp:77] Creating layer relu1_2m
I0706 04:18:10.394440  4521 net.cpp:91] Creating Layer relu1_2m
I0706 04:18:10.394443  4521 net.cpp:425] relu1_2m <- conv1_2m
I0706 04:18:10.394459  4521 net.cpp:386] relu1_2m -> conv1_2m (in-place)
I0706 04:18:10.394588  4521 net.cpp:141] Setting up relu1_2m
I0706 04:18:10.394595  4521 net.cpp:148] Top shape: 3 64 392 392 (29503488)
I0706 04:18:10.394598  4521 net.cpp:156] Memory required for data: 2878589952
I0706 04:18:10.394599  4521 layer_factory.hpp:77] Creating layer pool1m
I0706 04:18:10.394613  4521 net.cpp:91] Creating Layer pool1m
I0706 04:18:10.394616  4521 net.cpp:425] pool1m <- conv1_2m
I0706 04:18:10.394631  4521 net.cpp:399] pool1m -> pool1m
I0706 04:18:10.394675  4521 net.cpp:141] Setting up pool1m
I0706 04:18:10.394680  4521 net.cpp:148] Top shape: 3 64 196 196 (7375872)
I0706 04:18:10.394681  4521 net.cpp:156] Memory required for data: 2908093440
I0706 04:18:10.394690  4521 layer_factory.hpp:77] Creating layer conv2_1m
I0706 04:18:10.394724  4521 net.cpp:91] Creating Layer conv2_1m
I0706 04:18:10.394727  4521 net.cpp:425] conv2_1m <- pool1m
I0706 04:18:10.394757  4521 net.cpp:399] conv2_1m -> conv2_1m
I0706 04:18:10.395678  4521 net.cpp:141] Setting up conv2_1m
I0706 04:18:10.395687  4521 net.cpp:148] Top shape: 3 128 196 196 (14751744)
I0706 04:18:10.395689  4521 net.cpp:156] Memory required for data: 2967100416
I0706 04:18:10.395694  4521 net.cpp:484] Sharing parameters 'conv2_1_w' owned by layer 'conv2_1n', param index 0
I0706 04:18:10.395700  4521 net.cpp:484] Sharing parameters 'conv2_1_b' owned by layer 'conv2_1n', param index 1
I0706 04:18:10.395704  4521 layer_factory.hpp:77] Creating layer relu2_1m
I0706 04:18:10.395717  4521 net.cpp:91] Creating Layer relu2_1m
I0706 04:18:10.395721  4521 net.cpp:425] relu2_1m <- conv2_1m
I0706 04:18:10.395748  4521 net.cpp:386] relu2_1m -> conv2_1m (in-place)
I0706 04:18:10.395870  4521 net.cpp:141] Setting up relu2_1m
I0706 04:18:10.395876  4521 net.cpp:148] Top shape: 3 128 196 196 (14751744)
I0706 04:18:10.395879  4521 net.cpp:156] Memory required for data: 3026107392
I0706 04:18:10.395880  4521 layer_factory.hpp:77] Creating layer conv2_2m
I0706 04:18:10.395910  4521 net.cpp:91] Creating Layer conv2_2m
I0706 04:18:10.395913  4521 net.cpp:425] conv2_2m <- conv2_1m
I0706 04:18:10.395931  4521 net.cpp:399] conv2_2m -> conv2_2m
I0706 04:18:10.397116  4521 net.cpp:141] Setting up conv2_2m
I0706 04:18:10.397126  4521 net.cpp:148] Top shape: 3 128 196 196 (14751744)
I0706 04:18:10.397128  4521 net.cpp:156] Memory required for data: 3085114368
I0706 04:18:10.397137  4521 net.cpp:484] Sharing parameters 'conv2_2_w' owned by layer 'conv2_2n', param index 0
I0706 04:18:10.397142  4521 net.cpp:484] Sharing parameters 'conv2_2_b' owned by layer 'conv2_2n', param index 1
I0706 04:18:10.397145  4521 layer_factory.hpp:77] Creating layer relu2_2m
I0706 04:18:10.397157  4521 net.cpp:91] Creating Layer relu2_2m
I0706 04:18:10.397161  4521 net.cpp:425] relu2_2m <- conv2_2m
I0706 04:18:10.397173  4521 net.cpp:386] relu2_2m -> conv2_2m (in-place)
I0706 04:18:10.397403  4521 net.cpp:141] Setting up relu2_2m
I0706 04:18:10.397411  4521 net.cpp:148] Top shape: 3 128 196 196 (14751744)
I0706 04:18:10.397413  4521 net.cpp:156] Memory required for data: 3144121344
I0706 04:18:10.397415  4521 layer_factory.hpp:77] Creating layer pool2m
I0706 04:18:10.397428  4521 net.cpp:91] Creating Layer pool2m
I0706 04:18:10.397433  4521 net.cpp:425] pool2m <- conv2_2m
I0706 04:18:10.397449  4521 net.cpp:399] pool2m -> pool2m
I0706 04:18:10.397490  4521 net.cpp:141] Setting up pool2m
I0706 04:18:10.397495  4521 net.cpp:148] Top shape: 3 128 98 98 (3687936)
I0706 04:18:10.397496  4521 net.cpp:156] Memory required for data: 3158873088
I0706 04:18:10.397500  4521 layer_factory.hpp:77] Creating layer conv3_1m
I0706 04:18:10.397519  4521 net.cpp:91] Creating Layer conv3_1m
I0706 04:18:10.397523  4521 net.cpp:425] conv3_1m <- pool2m
I0706 04:18:10.397543  4521 net.cpp:399] conv3_1m -> conv3_1m
I0706 04:18:10.398713  4521 net.cpp:141] Setting up conv3_1m
I0706 04:18:10.398722  4521 net.cpp:148] Top shape: 3 256 98 98 (7375872)
I0706 04:18:10.398725  4521 net.cpp:156] Memory required for data: 3188376576
I0706 04:18:10.398730  4521 net.cpp:484] Sharing parameters 'conv3_1_w' owned by layer 'conv3_1n', param index 0
I0706 04:18:10.398735  4521 net.cpp:484] Sharing parameters 'conv3_1_b' owned by layer 'conv3_1n', param index 1
I0706 04:18:10.398736  4521 layer_factory.hpp:77] Creating layer relu3_1m
I0706 04:18:10.398746  4521 net.cpp:91] Creating Layer relu3_1m
I0706 04:18:10.398751  4521 net.cpp:425] relu3_1m <- conv3_1m
I0706 04:18:10.398763  4521 net.cpp:386] relu3_1m -> conv3_1m (in-place)
I0706 04:18:10.398886  4521 net.cpp:141] Setting up relu3_1m
I0706 04:18:10.398892  4521 net.cpp:148] Top shape: 3 256 98 98 (7375872)
I0706 04:18:10.398895  4521 net.cpp:156] Memory required for data: 3217880064
I0706 04:18:10.398896  4521 layer_factory.hpp:77] Creating layer conv3_2m
I0706 04:18:10.398937  4521 net.cpp:91] Creating Layer conv3_2m
I0706 04:18:10.398941  4521 net.cpp:425] conv3_2m <- conv3_1m
I0706 04:18:10.398959  4521 net.cpp:399] conv3_2m -> conv3_2m
I0706 04:18:10.400377  4521 net.cpp:141] Setting up conv3_2m
I0706 04:18:10.400385  4521 net.cpp:148] Top shape: 3 256 98 98 (7375872)
I0706 04:18:10.400388  4521 net.cpp:156] Memory required for data: 3247383552
I0706 04:18:10.400393  4521 net.cpp:484] Sharing parameters 'conv3_2_w' owned by layer 'conv3_2n', param index 0
I0706 04:18:10.400398  4521 net.cpp:484] Sharing parameters 'conv3_2_b' owned by layer 'conv3_2n', param index 1
I0706 04:18:10.400400  4521 layer_factory.hpp:77] Creating layer relu3_2m
I0706 04:18:10.400410  4521 net.cpp:91] Creating Layer relu3_2m
I0706 04:18:10.400415  4521 net.cpp:425] relu3_2m <- conv3_2m
I0706 04:18:10.400429  4521 net.cpp:386] relu3_2m -> conv3_2m (in-place)
I0706 04:18:10.400552  4521 net.cpp:141] Setting up relu3_2m
I0706 04:18:10.400558  4521 net.cpp:148] Top shape: 3 256 98 98 (7375872)
I0706 04:18:10.400560  4521 net.cpp:156] Memory required for data: 3276887040
I0706 04:18:10.400564  4521 layer_factory.hpp:77] Creating layer conv3_3m
I0706 04:18:10.400593  4521 net.cpp:91] Creating Layer conv3_3m
I0706 04:18:10.400595  4521 net.cpp:425] conv3_3m <- conv3_2m
I0706 04:18:10.400614  4521 net.cpp:399] conv3_3m -> conv3_3m
I0706 04:18:10.402009  4521 net.cpp:141] Setting up conv3_3m
I0706 04:18:10.402019  4521 net.cpp:148] Top shape: 3 256 98 98 (7375872)
I0706 04:18:10.402020  4521 net.cpp:156] Memory required for data: 3306390528
I0706 04:18:10.402026  4521 net.cpp:484] Sharing parameters 'conv3_3_w' owned by layer 'conv3_3n', param index 0
I0706 04:18:10.402030  4521 net.cpp:484] Sharing parameters 'conv3_3_b' owned by layer 'conv3_3n', param index 1
I0706 04:18:10.402034  4521 layer_factory.hpp:77] Creating layer relu3_3m
I0706 04:18:10.402043  4521 net.cpp:91] Creating Layer relu3_3m
I0706 04:18:10.402046  4521 net.cpp:425] relu3_3m <- conv3_3m
I0706 04:18:10.402058  4521 net.cpp:386] relu3_3m -> conv3_3m (in-place)
I0706 04:18:10.402277  4521 net.cpp:141] Setting up relu3_3m
I0706 04:18:10.402284  4521 net.cpp:148] Top shape: 3 256 98 98 (7375872)
I0706 04:18:10.402287  4521 net.cpp:156] Memory required for data: 3335894016
I0706 04:18:10.402289  4521 layer_factory.hpp:77] Creating layer pool3m
I0706 04:18:10.402302  4521 net.cpp:91] Creating Layer pool3m
I0706 04:18:10.402305  4521 net.cpp:425] pool3m <- conv3_3m
I0706 04:18:10.402317  4521 net.cpp:399] pool3m -> pool3m
I0706 04:18:10.402357  4521 net.cpp:141] Setting up pool3m
I0706 04:18:10.402360  4521 net.cpp:148] Top shape: 3 256 49 49 (1843968)
I0706 04:18:10.402364  4521 net.cpp:156] Memory required for data: 3343269888
I0706 04:18:10.402369  4521 layer_factory.hpp:77] Creating layer conv4_1m
I0706 04:18:10.402389  4521 net.cpp:91] Creating Layer conv4_1m
I0706 04:18:10.402392  4521 net.cpp:425] conv4_1m <- pool3m
I0706 04:18:10.402410  4521 net.cpp:399] conv4_1m -> conv4_1m
I0706 04:18:10.404451  4521 net.cpp:141] Setting up conv4_1m
I0706 04:18:10.404466  4521 net.cpp:148] Top shape: 3 512 49 49 (3687936)
I0706 04:18:10.404469  4521 net.cpp:156] Memory required for data: 3358021632
I0706 04:18:10.404474  4521 net.cpp:484] Sharing parameters 'conv4_1_w' owned by layer 'conv4_1n', param index 0
I0706 04:18:10.404479  4521 net.cpp:484] Sharing parameters 'conv4_1_b' owned by layer 'conv4_1n', param index 1
I0706 04:18:10.404481  4521 layer_factory.hpp:77] Creating layer relu4_1m
I0706 04:18:10.404495  4521 net.cpp:91] Creating Layer relu4_1m
I0706 04:18:10.404498  4521 net.cpp:425] relu4_1m <- conv4_1m
I0706 04:18:10.404508  4521 net.cpp:386] relu4_1m -> conv4_1m (in-place)
I0706 04:18:10.404636  4521 net.cpp:141] Setting up relu4_1m
I0706 04:18:10.404644  4521 net.cpp:148] Top shape: 3 512 49 49 (3687936)
I0706 04:18:10.404646  4521 net.cpp:156] Memory required for data: 3372773376
I0706 04:18:10.404649  4521 layer_factory.hpp:77] Creating layer conv4_2m
I0706 04:18:10.404675  4521 net.cpp:91] Creating Layer conv4_2m
I0706 04:18:10.404686  4521 net.cpp:425] conv4_2m <- conv4_1m
I0706 04:18:10.404706  4521 net.cpp:399] conv4_2m -> conv4_2m
I0706 04:18:10.408104  4521 net.cpp:141] Setting up conv4_2m
I0706 04:18:10.408123  4521 net.cpp:148] Top shape: 3 512 49 49 (3687936)
I0706 04:18:10.408125  4521 net.cpp:156] Memory required for data: 3387525120
I0706 04:18:10.408131  4521 net.cpp:484] Sharing parameters 'conv4_2_w' owned by layer 'conv4_2n', param index 0
I0706 04:18:10.408136  4521 net.cpp:484] Sharing parameters 'conv4_2_b' owned by layer 'conv4_2n', param index 1
I0706 04:18:10.408139  4521 layer_factory.hpp:77] Creating layer relu4_2m
I0706 04:18:10.408154  4521 net.cpp:91] Creating Layer relu4_2m
I0706 04:18:10.408159  4521 net.cpp:425] relu4_2m <- conv4_2m
I0706 04:18:10.408171  4521 net.cpp:386] relu4_2m -> conv4_2m (in-place)
I0706 04:18:10.408296  4521 net.cpp:141] Setting up relu4_2m
I0706 04:18:10.408303  4521 net.cpp:148] Top shape: 3 512 49 49 (3687936)
I0706 04:18:10.408304  4521 net.cpp:156] Memory required for data: 3402276864
I0706 04:18:10.408308  4521 layer_factory.hpp:77] Creating layer conv4_3m
I0706 04:18:10.408329  4521 net.cpp:91] Creating Layer conv4_3m
I0706 04:18:10.408331  4521 net.cpp:425] conv4_3m <- conv4_2m
I0706 04:18:10.408360  4521 net.cpp:399] conv4_3m -> conv4_3m
I0706 04:18:10.412025  4521 net.cpp:141] Setting up conv4_3m
I0706 04:18:10.412044  4521 net.cpp:148] Top shape: 3 512 49 49 (3687936)
I0706 04:18:10.412046  4521 net.cpp:156] Memory required for data: 3417028608
I0706 04:18:10.412052  4521 net.cpp:484] Sharing parameters 'conv4_3_w' owned by layer 'conv4_3n', param index 0
I0706 04:18:10.412057  4521 net.cpp:484] Sharing parameters 'conv4_3_b' owned by layer 'conv4_3n', param index 1
I0706 04:18:10.412060  4521 layer_factory.hpp:77] Creating layer relu4_3m
I0706 04:18:10.412075  4521 net.cpp:91] Creating Layer relu4_3m
I0706 04:18:10.412083  4521 net.cpp:425] relu4_3m <- conv4_3m
I0706 04:18:10.412096  4521 net.cpp:386] relu4_3m -> conv4_3m (in-place)
I0706 04:18:10.412308  4521 net.cpp:141] Setting up relu4_3m
I0706 04:18:10.412317  4521 net.cpp:148] Top shape: 3 512 49 49 (3687936)
I0706 04:18:10.412318  4521 net.cpp:156] Memory required for data: 3431780352
I0706 04:18:10.412322  4521 layer_factory.hpp:77] Creating layer pool4m
I0706 04:18:10.412334  4521 net.cpp:91] Creating Layer pool4m
I0706 04:18:10.412338  4521 net.cpp:425] pool4m <- conv4_3m
I0706 04:18:10.412353  4521 net.cpp:399] pool4m -> pool4m
I0706 04:18:10.412395  4521 net.cpp:141] Setting up pool4m
I0706 04:18:10.412400  4521 net.cpp:148] Top shape: 3 512 25 25 (960000)
I0706 04:18:10.412402  4521 net.cpp:156] Memory required for data: 3435620352
I0706 04:18:10.412403  4521 layer_factory.hpp:77] Creating layer conv5_1m
I0706 04:18:10.412444  4521 net.cpp:91] Creating Layer conv5_1m
I0706 04:18:10.412448  4521 net.cpp:425] conv5_1m <- pool4m
I0706 04:18:10.412467  4521 net.cpp:399] conv5_1m -> conv5_1m
I0706 04:18:10.416311  4521 net.cpp:141] Setting up conv5_1m
I0706 04:18:10.416331  4521 net.cpp:148] Top shape: 3 512 25 25 (960000)
I0706 04:18:10.416332  4521 net.cpp:156] Memory required for data: 3439460352
I0706 04:18:10.416339  4521 net.cpp:484] Sharing parameters 'conv5_1_w' owned by layer 'conv5_1n', param index 0
I0706 04:18:10.416344  4521 net.cpp:484] Sharing parameters 'conv5_1_b' owned by layer 'conv5_1n', param index 1
I0706 04:18:10.416348  4521 layer_factory.hpp:77] Creating layer relu5_1m
I0706 04:18:10.416362  4521 net.cpp:91] Creating Layer relu5_1m
I0706 04:18:10.416375  4521 net.cpp:425] relu5_1m <- conv5_1m
I0706 04:18:10.416390  4521 net.cpp:386] relu5_1m -> conv5_1m (in-place)
I0706 04:18:10.416518  4521 net.cpp:141] Setting up relu5_1m
I0706 04:18:10.416524  4521 net.cpp:148] Top shape: 3 512 25 25 (960000)
I0706 04:18:10.416527  4521 net.cpp:156] Memory required for data: 3443300352
I0706 04:18:10.416528  4521 layer_factory.hpp:77] Creating layer conv5_2m
I0706 04:18:10.416548  4521 net.cpp:91] Creating Layer conv5_2m
I0706 04:18:10.416553  4521 net.cpp:425] conv5_2m <- conv5_1m
I0706 04:18:10.416569  4521 net.cpp:399] conv5_2m -> conv5_2m
I0706 04:18:10.420143  4521 net.cpp:141] Setting up conv5_2m
I0706 04:18:10.420162  4521 net.cpp:148] Top shape: 3 512 25 25 (960000)
I0706 04:18:10.420166  4521 net.cpp:156] Memory required for data: 3447140352
I0706 04:18:10.420171  4521 net.cpp:484] Sharing parameters 'conv5_2_w' owned by layer 'conv5_2n', param index 0
I0706 04:18:10.420177  4521 net.cpp:484] Sharing parameters 'conv5_2_b' owned by layer 'conv5_2n', param index 1
I0706 04:18:10.420181  4521 layer_factory.hpp:77] Creating layer relu5_2m
I0706 04:18:10.420202  4521 net.cpp:91] Creating Layer relu5_2m
I0706 04:18:10.420207  4521 net.cpp:425] relu5_2m <- conv5_2m
I0706 04:18:10.420218  4521 net.cpp:386] relu5_2m -> conv5_2m (in-place)
I0706 04:18:10.420346  4521 net.cpp:141] Setting up relu5_2m
I0706 04:18:10.420352  4521 net.cpp:148] Top shape: 3 512 25 25 (960000)
I0706 04:18:10.420354  4521 net.cpp:156] Memory required for data: 3450980352
I0706 04:18:10.420356  4521 layer_factory.hpp:77] Creating layer conv5_3m
I0706 04:18:10.420377  4521 net.cpp:91] Creating Layer conv5_3m
I0706 04:18:10.420382  4521 net.cpp:425] conv5_3m <- conv5_2m
I0706 04:18:10.420398  4521 net.cpp:399] conv5_3m -> conv5_3m
I0706 04:18:10.423821  4521 net.cpp:141] Setting up conv5_3m
I0706 04:18:10.423841  4521 net.cpp:148] Top shape: 3 512 37 37 (2102784)
I0706 04:18:10.423843  4521 net.cpp:156] Memory required for data: 3459391488
I0706 04:18:10.423851  4521 net.cpp:484] Sharing parameters 'conv5_3_w' owned by layer 'conv5_3n', param index 0
I0706 04:18:10.423856  4521 net.cpp:484] Sharing parameters 'conv5_3_b' owned by layer 'conv5_3n', param index 1
I0706 04:18:10.423858  4521 layer_factory.hpp:77] Creating layer relu5_3m
I0706 04:18:10.423882  4521 net.cpp:91] Creating Layer relu5_3m
I0706 04:18:10.423893  4521 net.cpp:425] relu5_3m <- conv5_3m
I0706 04:18:10.423907  4521 net.cpp:386] relu5_3m -> conv5_3m (in-place)
I0706 04:18:10.424209  4521 net.cpp:141] Setting up relu5_3m
I0706 04:18:10.424217  4521 net.cpp:148] Top shape: 3 512 37 37 (2102784)
I0706 04:18:10.424221  4521 net.cpp:156] Memory required for data: 3467802624
I0706 04:18:10.424224  4521 layer_factory.hpp:77] Creating layer pool5m
I0706 04:18:10.424234  4521 net.cpp:91] Creating Layer pool5m
I0706 04:18:10.424238  4521 net.cpp:425] pool5m <- conv5_3m
I0706 04:18:10.424250  4521 net.cpp:399] pool5m -> pool5m
I0706 04:18:10.424306  4521 net.cpp:141] Setting up pool5m
I0706 04:18:10.424310  4521 net.cpp:148] Top shape: 3 512 19 19 (554496)
I0706 04:18:10.424312  4521 net.cpp:156] Memory required for data: 3470020608
I0706 04:18:10.424314  4521 layer_factory.hpp:77] Creating layer silence_cur
I0706 04:18:10.424321  4521 net.cpp:91] Creating Layer silence_cur
I0706 04:18:10.424324  4521 net.cpp:425] silence_cur <- cur_im
I0706 04:18:10.424329  4521 net.cpp:141] Setting up silence_cur
I0706 04:18:10.424331  4521 net.cpp:156] Memory required for data: 3470020608
I0706 04:18:10.424334  4521 layer_factory.hpp:77] Creating layer concat1
I0706 04:18:10.424348  4521 net.cpp:91] Creating Layer concat1
I0706 04:18:10.424351  4521 net.cpp:425] concat1 <- pool5m
I0706 04:18:10.424358  4521 net.cpp:425] concat1 <- pool5n
I0706 04:18:10.424371  4521 net.cpp:399] concat1 -> concat1
I0706 04:18:10.424392  4521 net.cpp:141] Setting up concat1
I0706 04:18:10.424396  4521 net.cpp:148] Top shape: 3 1024 19 19 (1108992)
I0706 04:18:10.424398  4521 net.cpp:156] Memory required for data: 3474456576
I0706 04:18:10.424401  4521 layer_factory.hpp:77] Creating layer fc6
I0706 04:18:10.424415  4521 net.cpp:91] Creating Layer fc6
I0706 04:18:10.424418  4521 net.cpp:425] fc6 <- concat1
I0706 04:18:10.424432  4521 net.cpp:399] fc6 -> fc6
I0706 04:18:10.722754  4521 net.cpp:141] Setting up fc6
I0706 04:18:10.722774  4521 net.cpp:148] Top shape: 3 4096 13 13 (2076672)
I0706 04:18:10.722779  4521 net.cpp:156] Memory required for data: 3482763264
I0706 04:18:10.722790  4521 layer_factory.hpp:77] Creating layer relu6
I0706 04:18:10.722808  4521 net.cpp:91] Creating Layer relu6
I0706 04:18:10.722812  4521 net.cpp:425] relu6 <- fc6
I0706 04:18:10.722844  4521 net.cpp:386] relu6 -> fc6 (in-place)
I0706 04:18:10.723026  4521 net.cpp:141] Setting up relu6
I0706 04:18:10.723033  4521 net.cpp:148] Top shape: 3 4096 13 13 (2076672)
I0706 04:18:10.723037  4521 net.cpp:156] Memory required for data: 3491069952
I0706 04:18:10.723039  4521 layer_factory.hpp:77] Creating layer drop6
I0706 04:18:10.723060  4521 net.cpp:91] Creating Layer drop6
I0706 04:18:10.723064  4521 net.cpp:425] drop6 <- fc6
I0706 04:18:10.723080  4521 net.cpp:386] drop6 -> fc6 (in-place)
I0706 04:18:10.723112  4521 net.cpp:141] Setting up drop6
I0706 04:18:10.723119  4521 net.cpp:148] Top shape: 3 4096 13 13 (2076672)
I0706 04:18:10.723121  4521 net.cpp:156] Memory required for data: 3499376640
I0706 04:18:10.723124  4521 layer_factory.hpp:77] Creating layer fc7
I0706 04:18:10.723145  4521 net.cpp:91] Creating Layer fc7
I0706 04:18:10.723150  4521 net.cpp:425] fc7 <- fc6
I0706 04:18:10.723167  4521 net.cpp:399] fc7 -> fc7
I0706 04:18:10.748119  4521 net.cpp:141] Setting up fc7
I0706 04:18:10.748141  4521 net.cpp:148] Top shape: 3 4096 13 13 (2076672)
I0706 04:18:10.748144  4521 net.cpp:156] Memory required for data: 3507683328
I0706 04:18:10.748157  4521 layer_factory.hpp:77] Creating layer relu7
I0706 04:18:10.748175  4521 net.cpp:91] Creating Layer relu7
I0706 04:18:10.748180  4521 net.cpp:425] relu7 <- fc7
I0706 04:18:10.748201  4521 net.cpp:386] relu7 -> fc7 (in-place)
I0706 04:18:10.748392  4521 net.cpp:141] Setting up relu7
I0706 04:18:10.748402  4521 net.cpp:148] Top shape: 3 4096 13 13 (2076672)
I0706 04:18:10.748405  4521 net.cpp:156] Memory required for data: 3515990016
I0706 04:18:10.748410  4521 layer_factory.hpp:77] Creating layer drop7
I0706 04:18:10.748425  4521 net.cpp:91] Creating Layer drop7
I0706 04:18:10.748428  4521 net.cpp:425] drop7 <- fc7
I0706 04:18:10.748443  4521 net.cpp:386] drop7 -> fc7 (in-place)
I0706 04:18:10.748476  4521 net.cpp:141] Setting up drop7
I0706 04:18:10.748482  4521 net.cpp:148] Top shape: 3 4096 13 13 (2076672)
I0706 04:18:10.748486  4521 net.cpp:156] Memory required for data: 3524296704
I0706 04:18:10.748488  4521 layer_factory.hpp:77] Creating layer score_fc
I0706 04:18:10.748508  4521 net.cpp:91] Creating Layer score_fc
I0706 04:18:10.748512  4521 net.cpp:425] score_fc <- fc7
I0706 04:18:10.748529  4521 net.cpp:399] score_fc -> score_fc
I0706 04:18:10.750572  4521 net.cpp:141] Setting up score_fc
I0706 04:18:10.750584  4521 net.cpp:148] Top shape: 3 21 13 13 (10647)
I0706 04:18:10.750587  4521 net.cpp:156] Memory required for data: 3524339292
I0706 04:18:10.750599  4521 layer_factory.hpp:77] Creating layer upscore2
I0706 04:18:10.750628  4521 net.cpp:91] Creating Layer upscore2
I0706 04:18:10.750635  4521 net.cpp:425] upscore2 <- score_fc
I0706 04:18:10.750655  4521 net.cpp:399] upscore2 -> upscore2
I0706 04:18:10.750998  4521 net.cpp:141] Setting up upscore2
I0706 04:18:10.751005  4521 net.cpp:148] Top shape: 3 21 28 28 (49392)
I0706 04:18:10.751008  4521 net.cpp:156] Memory required for data: 3524536860
I0706 04:18:10.751020  4521 layer_factory.hpp:77] Creating layer upscore2_upscore2_0_split
I0706 04:18:10.751036  4521 net.cpp:91] Creating Layer upscore2_upscore2_0_split
I0706 04:18:10.751040  4521 net.cpp:425] upscore2_upscore2_0_split <- upscore2
I0706 04:18:10.751056  4521 net.cpp:399] upscore2_upscore2_0_split -> upscore2_upscore2_0_split_0
I0706 04:18:10.751076  4521 net.cpp:399] upscore2_upscore2_0_split -> upscore2_upscore2_0_split_1
I0706 04:18:10.751124  4521 net.cpp:141] Setting up upscore2_upscore2_0_split
I0706 04:18:10.751130  4521 net.cpp:148] Top shape: 3 21 28 28 (49392)
I0706 04:18:10.751134  4521 net.cpp:148] Top shape: 3 21 28 28 (49392)
I0706 04:18:10.751137  4521 net.cpp:156] Memory required for data: 3524931996
I0706 04:18:10.751140  4521 layer_factory.hpp:77] Creating layer score_pool4
I0706 04:18:10.751158  4521 net.cpp:91] Creating Layer score_pool4
I0706 04:18:10.751163  4521 net.cpp:425] score_pool4 <- pool4n_pool4n_0_split_1
I0706 04:18:10.751180  4521 net.cpp:399] score_pool4 -> score_pool4
I0706 04:18:10.752369  4521 net.cpp:141] Setting up score_pool4
I0706 04:18:10.752380  4521 net.cpp:148] Top shape: 3 21 37 37 (86247)
I0706 04:18:10.752385  4521 net.cpp:156] Memory required for data: 3525276984
I0706 04:18:10.752399  4521 layer_factory.hpp:77] Creating layer score_pool4c
I0706 04:18:10.752418  4521 net.cpp:91] Creating Layer score_pool4c
I0706 04:18:10.752424  4521 net.cpp:425] score_pool4c <- score_pool4
I0706 04:18:10.752434  4521 net.cpp:425] score_pool4c <- upscore2_upscore2_0_split_0
I0706 04:18:10.752452  4521 net.cpp:399] score_pool4c -> score_pool4c
I0706 04:18:10.752496  4521 net.cpp:141] Setting up score_pool4c
I0706 04:18:10.752502  4521 net.cpp:148] Top shape: 3 21 28 28 (49392)
I0706 04:18:10.752506  4521 net.cpp:156] Memory required for data: 3525474552
I0706 04:18:10.752508  4521 layer_factory.hpp:77] Creating layer fuse_pool4
I0706 04:18:10.752532  4521 net.cpp:91] Creating Layer fuse_pool4
I0706 04:18:10.752537  4521 net.cpp:425] fuse_pool4 <- upscore2_upscore2_0_split_1
I0706 04:18:10.752544  4521 net.cpp:425] fuse_pool4 <- score_pool4c
I0706 04:18:10.752559  4521 net.cpp:399] fuse_pool4 -> fuse_pool4
I0706 04:18:10.752593  4521 net.cpp:141] Setting up fuse_pool4
I0706 04:18:10.752599  4521 net.cpp:148] Top shape: 3 21 28 28 (49392)
I0706 04:18:10.752601  4521 net.cpp:156] Memory required for data: 3525672120
I0706 04:18:10.752605  4521 layer_factory.hpp:77] Creating layer upscore_pool4
I0706 04:18:10.752621  4521 net.cpp:91] Creating Layer upscore_pool4
I0706 04:18:10.752626  4521 net.cpp:425] upscore_pool4 <- fuse_pool4
I0706 04:18:10.752657  4521 net.cpp:399] upscore_pool4 -> upscore_pool4
I0706 04:18:10.752924  4521 net.cpp:141] Setting up upscore_pool4
I0706 04:18:10.752931  4521 net.cpp:148] Top shape: 3 21 58 58 (211932)
I0706 04:18:10.752934  4521 net.cpp:156] Memory required for data: 3526519848
I0706 04:18:10.752945  4521 layer_factory.hpp:77] Creating layer upscore_pool4_upscore_pool4_0_split
I0706 04:18:10.752965  4521 net.cpp:91] Creating Layer upscore_pool4_upscore_pool4_0_split
I0706 04:18:10.752970  4521 net.cpp:425] upscore_pool4_upscore_pool4_0_split <- upscore_pool4
I0706 04:18:10.752990  4521 net.cpp:399] upscore_pool4_upscore_pool4_0_split -> upscore_pool4_upscore_pool4_0_split_0
I0706 04:18:10.753005  4521 net.cpp:399] upscore_pool4_upscore_pool4_0_split -> upscore_pool4_upscore_pool4_0_split_1
I0706 04:18:10.753049  4521 net.cpp:141] Setting up upscore_pool4_upscore_pool4_0_split
I0706 04:18:10.753056  4521 net.cpp:148] Top shape: 3 21 58 58 (211932)
I0706 04:18:10.753059  4521 net.cpp:148] Top shape: 3 21 58 58 (211932)
I0706 04:18:10.753063  4521 net.cpp:156] Memory required for data: 3528215304
I0706 04:18:10.753067  4521 layer_factory.hpp:77] Creating layer score_pool3
I0706 04:18:10.753087  4521 net.cpp:91] Creating Layer score_pool3
I0706 04:18:10.753092  4521 net.cpp:425] score_pool3 <- pool3n_pool3n_0_split_1
I0706 04:18:10.753109  4521 net.cpp:399] score_pool3 -> score_pool3
I0706 04:18:10.754323  4521 net.cpp:141] Setting up score_pool3
I0706 04:18:10.754334  4521 net.cpp:148] Top shape: 3 21 73 73 (335727)
I0706 04:18:10.754339  4521 net.cpp:156] Memory required for data: 3529558212
I0706 04:18:10.754359  4521 layer_factory.hpp:77] Creating layer Crop1
I0706 04:18:10.754375  4521 net.cpp:91] Creating Layer Crop1
I0706 04:18:10.754380  4521 net.cpp:425] Crop1 <- score_pool3
I0706 04:18:10.754390  4521 net.cpp:425] Crop1 <- upscore_pool4_upscore_pool4_0_split_0
I0706 04:18:10.754408  4521 net.cpp:399] Crop1 -> Crop1
I0706 04:18:10.754448  4521 net.cpp:141] Setting up Crop1
I0706 04:18:10.754454  4521 net.cpp:148] Top shape: 3 21 58 58 (211932)
I0706 04:18:10.754457  4521 net.cpp:156] Memory required for data: 3530405940
I0706 04:18:10.754461  4521 layer_factory.hpp:77] Creating layer fuse_pool3
I0706 04:18:10.754475  4521 net.cpp:91] Creating Layer fuse_pool3
I0706 04:18:10.754480  4521 net.cpp:425] fuse_pool3 <- upscore_pool4_upscore_pool4_0_split_1
I0706 04:18:10.754490  4521 net.cpp:425] fuse_pool3 <- Crop1
I0706 04:18:10.754505  4521 net.cpp:399] fuse_pool3 -> fuse_pool3
I0706 04:18:10.754546  4521 net.cpp:141] Setting up fuse_pool3
I0706 04:18:10.754552  4521 net.cpp:148] Top shape: 3 21 58 58 (211932)
I0706 04:18:10.754555  4521 net.cpp:156] Memory required for data: 3531253668
I0706 04:18:10.754559  4521 layer_factory.hpp:77] Creating layer upscore8
I0706 04:18:10.754573  4521 net.cpp:91] Creating Layer upscore8
I0706 04:18:10.754578  4521 net.cpp:425] upscore8 <- fuse_pool3
I0706 04:18:10.754598  4521 net.cpp:399] upscore8 -> upscore8
I0706 04:18:10.755210  4521 net.cpp:141] Setting up upscore8
I0706 04:18:10.755219  4521 net.cpp:148] Top shape: 3 21 472 472 (14035392)
I0706 04:18:10.755223  4521 net.cpp:156] Memory required for data: 3587395236
I0706 04:18:10.755228  4521 layer_factory.hpp:77] Creating layer score_pool3c
I0706 04:18:10.755244  4521 net.cpp:91] Creating Layer score_pool3c
I0706 04:18:10.755249  4521 net.cpp:425] score_pool3c <- upscore8
I0706 04:18:10.755259  4521 net.cpp:425] score_pool3c <- next_im_cur_im_2_split_1
I0706 04:18:10.755275  4521 net.cpp:399] score_pool3c -> score_pool3c
I0706 04:18:10.755305  4521 net.cpp:141] Setting up score_pool3c
I0706 04:18:10.755311  4521 net.cpp:148] Top shape: 3 21 384 384 (9289728)
I0706 04:18:10.755314  4521 net.cpp:156] Memory required for data: 3624554148
I0706 04:18:10.755317  4521 layer_factory.hpp:77] Creating layer score
I0706 04:18:10.755331  4521 net.cpp:91] Creating Layer score
I0706 04:18:10.755336  4521 net.cpp:425] score <- score_pool3c
I0706 04:18:10.755352  4521 net.cpp:399] score -> score
I0706 04:18:10.756499  4521 net.cpp:141] Setting up score
I0706 04:18:10.756508  4521 net.cpp:148] Top shape: 3 2 384 384 (884736)
I0706 04:18:10.756513  4521 net.cpp:156] Memory required for data: 3628093092
I0706 04:18:10.756522  4521 layer_factory.hpp:77] Creating layer loss
I0706 04:18:10.756541  4521 net.cpp:91] Creating Layer loss
I0706 04:18:10.756546  4521 net.cpp:425] loss <- score
I0706 04:18:10.756553  4521 net.cpp:425] loss <- label
I0706 04:18:10.756569  4521 net.cpp:399] loss -> loss
I0706 04:18:10.756600  4521 layer_factory.hpp:77] Creating layer loss
I0706 04:18:10.757936  4521 net.cpp:141] Setting up loss
I0706 04:18:10.757947  4521 net.cpp:148] Top shape: (1)
I0706 04:18:10.757951  4521 net.cpp:151]     with loss weight 1
I0706 04:18:10.757972  4521 net.cpp:156] Memory required for data: 3628093096
I0706 04:18:10.757977  4521 net.cpp:217] loss needs backward computation.
I0706 04:18:10.757982  4521 net.cpp:217] score needs backward computation.
I0706 04:18:10.757985  4521 net.cpp:217] score_pool3c needs backward computation.
I0706 04:18:10.757989  4521 net.cpp:217] upscore8 needs backward computation.
I0706 04:18:10.757993  4521 net.cpp:217] fuse_pool3 needs backward computation.
I0706 04:18:10.757997  4521 net.cpp:217] Crop1 needs backward computation.
I0706 04:18:10.758002  4521 net.cpp:217] score_pool3 needs backward computation.
I0706 04:18:10.758007  4521 net.cpp:217] upscore_pool4_upscore_pool4_0_split needs backward computation.
I0706 04:18:10.758010  4521 net.cpp:217] upscore_pool4 needs backward computation.
I0706 04:18:10.758013  4521 net.cpp:217] fuse_pool4 needs backward computation.
I0706 04:18:10.758018  4521 net.cpp:217] score_pool4c needs backward computation.
I0706 04:18:10.758021  4521 net.cpp:217] score_pool4 needs backward computation.
I0706 04:18:10.758026  4521 net.cpp:217] upscore2_upscore2_0_split needs backward computation.
I0706 04:18:10.758030  4521 net.cpp:217] upscore2 needs backward computation.
I0706 04:18:10.758033  4521 net.cpp:217] score_fc needs backward computation.
I0706 04:18:10.758038  4521 net.cpp:217] drop7 needs backward computation.
I0706 04:18:10.758043  4521 net.cpp:217] relu7 needs backward computation.
I0706 04:18:10.758045  4521 net.cpp:217] fc7 needs backward computation.
I0706 04:18:10.758049  4521 net.cpp:217] drop6 needs backward computation.
I0706 04:18:10.758052  4521 net.cpp:217] relu6 needs backward computation.
I0706 04:18:10.758055  4521 net.cpp:217] fc6 needs backward computation.
I0706 04:18:10.758059  4521 net.cpp:217] concat1 needs backward computation.
I0706 04:18:10.758072  4521 net.cpp:219] silence_cur does not need backward computation.
I0706 04:18:10.758076  4521 net.cpp:217] pool5m needs backward computation.
I0706 04:18:10.758080  4521 net.cpp:217] relu5_3m needs backward computation.
I0706 04:18:10.758083  4521 net.cpp:217] conv5_3m needs backward computation.
I0706 04:18:10.758088  4521 net.cpp:217] relu5_2m needs backward computation.
I0706 04:18:10.758092  4521 net.cpp:217] conv5_2m needs backward computation.
I0706 04:18:10.758095  4521 net.cpp:217] relu5_1m needs backward computation.
I0706 04:18:10.758098  4521 net.cpp:217] conv5_1m needs backward computation.
I0706 04:18:10.758102  4521 net.cpp:217] pool4m needs backward computation.
I0706 04:18:10.758108  4521 net.cpp:217] relu4_3m needs backward computation.
I0706 04:18:10.758114  4521 net.cpp:217] conv4_3m needs backward computation.
I0706 04:18:10.758119  4521 net.cpp:217] relu4_2m needs backward computation.
I0706 04:18:10.758122  4521 net.cpp:217] conv4_2m needs backward computation.
I0706 04:18:10.758126  4521 net.cpp:217] relu4_1m needs backward computation.
I0706 04:18:10.758129  4521 net.cpp:217] conv4_1m needs backward computation.
I0706 04:18:10.758132  4521 net.cpp:217] pool3m needs backward computation.
I0706 04:18:10.758136  4521 net.cpp:217] relu3_3m needs backward computation.
I0706 04:18:10.758139  4521 net.cpp:217] conv3_3m needs backward computation.
I0706 04:18:10.758143  4521 net.cpp:217] relu3_2m needs backward computation.
I0706 04:18:10.758147  4521 net.cpp:217] conv3_2m needs backward computation.
I0706 04:18:10.758149  4521 net.cpp:217] relu3_1m needs backward computation.
I0706 04:18:10.758155  4521 net.cpp:217] conv3_1m needs backward computation.
I0706 04:18:10.758159  4521 net.cpp:217] pool2m needs backward computation.
I0706 04:18:10.758162  4521 net.cpp:217] relu2_2m needs backward computation.
I0706 04:18:10.758167  4521 net.cpp:217] conv2_2m needs backward computation.
I0706 04:18:10.758169  4521 net.cpp:217] relu2_1m needs backward computation.
I0706 04:18:10.758172  4521 net.cpp:217] conv2_1m needs backward computation.
I0706 04:18:10.758177  4521 net.cpp:217] pool1m needs backward computation.
I0706 04:18:10.758182  4521 net.cpp:217] relu1_2m needs backward computation.
I0706 04:18:10.758184  4521 net.cpp:217] conv1_2m needs backward computation.
I0706 04:18:10.758188  4521 net.cpp:217] relu1_1m needs backward computation.
I0706 04:18:10.758191  4521 net.cpp:217] conv1_1m needs backward computation.
I0706 04:18:10.758195  4521 net.cpp:217] pool5n needs backward computation.
I0706 04:18:10.758198  4521 net.cpp:217] relu5_3n needs backward computation.
I0706 04:18:10.758203  4521 net.cpp:217] conv5_3n needs backward computation.
I0706 04:18:10.758205  4521 net.cpp:217] relu5_2n needs backward computation.
I0706 04:18:10.758210  4521 net.cpp:217] conv5_2n needs backward computation.
I0706 04:18:10.758213  4521 net.cpp:217] relu5_1n needs backward computation.
I0706 04:18:10.758218  4521 net.cpp:217] conv5_1n needs backward computation.
I0706 04:18:10.758220  4521 net.cpp:217] pool4n_pool4n_0_split needs backward computation.
I0706 04:18:10.758224  4521 net.cpp:217] pool4n needs backward computation.
I0706 04:18:10.758227  4521 net.cpp:217] relu4_3n needs backward computation.
I0706 04:18:10.758234  4521 net.cpp:217] conv4_3n needs backward computation.
I0706 04:18:10.758239  4521 net.cpp:217] relu4_2n needs backward computation.
I0706 04:18:10.758241  4521 net.cpp:217] conv4_2n needs backward computation.
I0706 04:18:10.758245  4521 net.cpp:217] relu4_1n needs backward computation.
I0706 04:18:10.758249  4521 net.cpp:217] conv4_1n needs backward computation.
I0706 04:18:10.758252  4521 net.cpp:217] pool3n_pool3n_0_split needs backward computation.
I0706 04:18:10.758255  4521 net.cpp:217] pool3n needs backward computation.
I0706 04:18:10.758260  4521 net.cpp:217] relu3_3n needs backward computation.
I0706 04:18:10.758262  4521 net.cpp:217] conv3_3n needs backward computation.
I0706 04:18:10.758265  4521 net.cpp:217] relu3_2n needs backward computation.
I0706 04:18:10.758275  4521 net.cpp:217] conv3_2n needs backward computation.
I0706 04:18:10.758278  4521 net.cpp:217] relu3_1n needs backward computation.
I0706 04:18:10.758281  4521 net.cpp:217] conv3_1n needs backward computation.
I0706 04:18:10.758285  4521 net.cpp:217] pool2n needs backward computation.
I0706 04:18:10.758288  4521 net.cpp:217] relu2_2n needs backward computation.
I0706 04:18:10.758292  4521 net.cpp:217] conv2_2n needs backward computation.
I0706 04:18:10.758296  4521 net.cpp:217] relu2_1n needs backward computation.
I0706 04:18:10.758299  4521 net.cpp:217] conv2_1n needs backward computation.
I0706 04:18:10.758302  4521 net.cpp:217] pool1n needs backward computation.
I0706 04:18:10.758306  4521 net.cpp:217] relu1_2n needs backward computation.
I0706 04:18:10.758311  4521 net.cpp:217] conv1_2n needs backward computation.
I0706 04:18:10.758314  4521 net.cpp:217] relu1_1n needs backward computation.
I0706 04:18:10.758317  4521 net.cpp:217] conv1_1n needs backward computation.
I0706 04:18:10.758322  4521 net.cpp:219] next_im_cur_im_2_split does not need backward computation.
I0706 04:18:10.758327  4521 net.cpp:219] cur_im does not need backward computation.
I0706 04:18:10.758330  4521 net.cpp:261] This network produces output loss
I0706 04:18:10.764649  4521 net.cpp:274] Network initialization done.
I0706 04:18:10.764961  4521 solver.cpp:60] Solver scaffolding done.
I0706 04:18:10.767582  4521 caffe.cpp:129] Finetuning from ./fcn8_net.caffemodel
[libprotobuf WARNING google/protobuf/io/coded_stream.cc:505] Reading dangerously large protocol message.  If the message turns out to be larger than 2147483647 bytes, parsing will be halted for security reasons.  To increase the limit (or to disable these warnings), see CodedInputStream::SetTotalBytesLimit() in google/protobuf/io/coded_stream.h.
[libprotobuf WARNING google/protobuf/io/coded_stream.cc:78] The total number of bytes read was 1007867306
I0706 04:18:12.200390  4521 net.cpp:752] Ignoring source layer masked_im
I0706 04:18:12.200412  4521 net.cpp:752] Ignoring source layer next_im
I0706 04:18:12.200415  4521 net.cpp:752] Ignoring source layer next_im_next_im_0_split
I0706 04:18:12.374915  4521 net.cpp:752] Ignoring source layer prop
I0706 04:18:12.379426  4521 caffe.cpp:219] Starting Optimization
I0706 04:18:12.379446  4521 solver.cpp:279] Solving 
I0706 04:18:12.379456  4521 solver.cpp:280] Learning Rate Policy: step
/usr/local/lib/python2.7/dist-packages/skimage/util/dtype.py:111: UserWarning: Possible precision loss when converting from float32 to uint8
  "%s to %s" % (dtypeobj_in, dtypeobj))
I0706 04:18:22.042742  4521 solver.cpp:228] Iteration 0, loss = 0.618781
I0706 04:18:22.042778  4521 solver.cpp:244]     Train net output #0: loss = 0.593112 (* 1 = 0.593112 loss)
I0706 04:18:22.042795  4521 sgd_solver.cpp:106] Iteration 0, lr = 0.0001
/usr/local/lib/python2.7/dist-packages/skimage/util/dtype.py:111: UserWarning: Possible precision loss when converting from float32 to uint8
  "%s to %s" % (dtypeobj_in, dtypeobj))
